<?xml version="1.0" encoding="UTF-8"?>
<!-- Generated by org.testng.reporters.JUnitReportReporter -->
<testsuite skipped="0" hostname="DESKTOP-9F7UL5A" name="com.RestAssured.RestAPI.PostAPITest" tests="1" failures="0" timestamp="05 Aug 2020 11:06:42 GMT" time="1.647" errors="0">
  <testcase name="postAPITest" time="1.647" classname="com.RestAssured.RestAPI.PostAPITest"/>
</testsuite> <!-- com.RestAssured.RestAPI.PostAPITest -->
