<?xml version="1.0" encoding="UTF-8"?>
<!-- Generated by org.testng.reporters.JUnitReportReporter -->
<testsuite skipped="0" hostname="DESKTOP-9F7UL5A" name="com.RestAssured.RestAPI.GetAPITest" tests="2" failures="0" timestamp="04 Aug 2020 09:09:01 GMT" time="2.600" errors="0">
  <testcase name="getTestwithHeaders" time="1.817" classname="com.RestAssured.RestAPI.GetAPITest"/>
  <testcase name="getTestwithoutHeaders" time="0.783" classname="com.RestAssured.RestAPI.GetAPITest"/>
</testsuite> <!-- com.RestAssured.RestAPI.GetAPITest -->
